# JRE version: OpenJDK Runtime Environment (21.0.6) (build 21.0.6+-13368085-b895.109)
# Java VM: OpenJDK 64-Bit Server VM (21.0.6+-13368085-b895.109, mixed mode, tiered, compressed oops, compressed class ptrs, g1 gc, windows-amd64)
GC Precious Log:
 CardTable entry size: 512
 Card Set container configuration: InlinePtr #cards 5 size 8 Array Of Cards #cards 12 size 40 Howl #buckets 4 coarsen threshold 1843 Howl Bitmap #cards 512 size 80 coarsen threshold 460 Card regions per heap region 1 cards per card region 2048
 CPUs: 6 total, 6 available
 Memory: 16207M
 Large Page Support: Disabled
 NUMA Support: Disabled
 Compressed Oops: Enabled (32-bit)
 Heap Region Size: 1M
 Heap Min Capacity: 8M
 Heap Initial Capacity: 254M
 Heap Max Capacity: 2G
 Pre-touch: Disabled
 Parallel Workers: 6
 Concurrent Workers: 2
 Concurrent Refinement Workers: 6
 Periodic GC: Disabled
Heap:
 garbage-first heap   total 201728K, used 155991K [0x0000000080000000, 0x0000000100000000)
  region size 1024K, 27 young (27648K), 4 survivors (4096K)
 Metaspace       used 139987K, committed 142336K, reserved 1179648K
  class space    used 17985K, committed 19136K, reserved 1048576K
GC Heap History (20 events):
Event: 7.982 GC heap before
{Heap before GC invocations=27 (full 0):
 garbage-first heap   total 148480K, used 135394K [0x0000000080000000, 0x0000000100000000)
  region size 1024K, 35 young (35840K), 3 survivors (3072K)
 Metaspace       used 87703K, committed 89344K, reserved 1179648K
  class space    used 11740K, committed 12544K, reserved 1048576K
}
Event: 7.985 GC heap after
{Heap after GC invocations=28 (full 0):
 garbage-first heap   total 178176K, used 104274K [0x0000000080000000, 0x0000000100000000)
  region size 1024K, 5 young (5120K), 5 survivors (5120K)
 Metaspace       used 87703K, committed 89344K, reserved 1179648K
  class space    used 11740K, committed 12544K, reserved 1048576K
}
Event: 8.480 GC heap before
{Heap before GC invocations=29 (full 0):
 garbage-first heap   total 178176K, used 156498K [0x0000000080000000, 0x0000000100000000)
  region size 1024K, 57 young (58368K), 5 survivors (5120K)
 Metaspace       used 94417K, committed 96448K, reserved 1179648K
  class space    used 12587K, committed 13568K, reserved 1048576K
}
Event: 8.486 GC heap after
{Heap after GC invocations=30 (full 0):
 garbage-first heap   total 178176K, used 106572K [0x0000000080000000, 0x0000000100000000)
  region size 1024K, 6 young (6144K), 6 survivors (6144K)
 Metaspace       used 94417K, committed 96448K, reserved 1179648K
  class space    used 12587K, committed 13568K, reserved 1048576K
}
Event: 8.861 GC heap before
{Heap before GC invocations=30 (full 0):
 garbage-first heap   total 178176K, used 160844K [0x0000000080000000, 0x0000000100000000)
  region size 1024K, 58 young (59392K), 6 survivors (6144K)
 Metaspace       used 99057K, committed 101120K, reserved 1179648K
  class space    used 13162K, committed 14144K, reserved 1048576K
}
Event: 8.867 GC heap after
{Heap after GC invocations=31 (full 0):
 garbage-first heap   total 178176K, used 109855K [0x0000000080000000, 0x0000000100000000)
  region size 1024K, 8 young (8192K), 8 survivors (8192K)
 Metaspace       used 99057K, committed 101120K, reserved 1179648K
  class space    used 13162K, committed 14144K, reserved 1048576K
}
Event: 9.191 GC heap before
{Heap before GC invocations=31 (full 0):
 garbage-first heap   total 178176K, used 159007K [0x0000000080000000, 0x0000000100000000)
  region size 1024K, 56 young (57344K), 8 survivors (8192K)
 Metaspace       used 102047K, committed 104064K, reserved 1179648K
  class space    used 13478K, committed 14464K, reserved 1048576K
}
Event: 9.197 GC heap after
{Heap after GC invocations=32 (full 0):
 garbage-first heap   total 178176K, used 113524K [0x0000000080000000, 0x0000000100000000)
  region size 1024K, 5 young (5120K), 5 survivors (5120K)
 Metaspace       used 102047K, committed 104064K, reserved 1179648K
  class space    used 13478K, committed 14464K, reserved 1048576K
}
Event: 9.715 GC heap before
{Heap before GC invocations=33 (full 0):
 garbage-first heap   total 189440K, used 162676K [0x0000000080000000, 0x0000000100000000)
  region size 1024K, 53 young (54272K), 5 survivors (5120K)
 Metaspace       used 107408K, committed 109440K, reserved 1179648K
  class space    used 14060K, committed 15040K, reserved 1048576K
}
Event: 9.720 GC heap after
{Heap after GC invocations=34 (full 0):
 garbage-first heap   total 189440K, used 117146K [0x0000000080000000, 0x0000000100000000)
  region size 1024K, 4 young (4096K), 4 survivors (4096K)
 Metaspace       used 107408K, committed 109440K, reserved 1179648K
  class space    used 14060K, committed 15040K, reserved 1048576K
}
Event: 10.217 GC heap before
{Heap before GC invocations=34 (full 0):
 garbage-first heap   total 189440K, used 172442K [0x0000000080000000, 0x0000000100000000)
  region size 1024K, 59 young (60416K), 4 survivors (4096K)
 Metaspace       used 116199K, committed 118272K, reserved 1179648K
  class space    used 14977K, committed 16000K, reserved 1048576K
}
Event: 10.223 GC heap after
{Heap after GC invocations=35 (full 0):
 garbage-first heap   total 189440K, used 118614K [0x0000000080000000, 0x0000000100000000)
  region size 1024K, 7 young (7168K), 7 survivors (7168K)
 Metaspace       used 116199K, committed 118272K, reserved 1179648K
  class space    used 14977K, committed 16000K, reserved 1048576K
}
Event: 11.173 GC heap before
{Heap before GC invocations=35 (full 0):
 garbage-first heap   total 189440K, used 170838K [0x0000000080000000, 0x0000000100000000)
  region size 1024K, 58 young (59392K), 7 survivors (7168K)
 Metaspace       used 123954K, committed 126016K, reserved 1179648K
  class space    used 15780K, committed 16768K, reserved 1048576K
}
Event: 11.177 GC heap after
{Heap after GC invocations=36 (full 0):
 garbage-first heap   total 189440K, used 120013K [0x0000000080000000, 0x0000000100000000)
  region size 1024K, 4 young (4096K), 4 survivors (4096K)
 Metaspace       used 123954K, committed 126016K, reserved 1179648K
  class space    used 15780K, committed 16768K, reserved 1048576K
}
Event: 11.382 GC heap before
{Heap before GC invocations=37 (full 0):
 garbage-first heap   total 201728K, used 174285K [0x0000000080000000, 0x0000000100000000)
  region size 1024K, 56 young (57344K), 4 survivors (4096K)
 Metaspace       used 124210K, committed 126336K, reserved 1179648K
  class space    used 15780K, committed 16768K, reserved 1048576K
}
Event: 11.387 GC heap after
{Heap after GC invocations=38 (full 0):
 garbage-first heap   total 201728K, used 125722K [0x0000000080000000, 0x0000000100000000)
  region size 1024K, 7 young (7168K), 7 survivors (7168K)
 Metaspace       used 124210K, committed 126336K, reserved 1179648K
  class space    used 15780K, committed 16768K, reserved 1048576K
}
Event: 11.969 GC heap before
{Heap before GC invocations=38 (full 0):
 garbage-first heap   total 201728K, used 183066K [0x0000000080000000, 0x0000000100000000)
  region size 1024K, 63 young (64512K), 7 survivors (7168K)
 Metaspace       used 128584K, committed 130880K, reserved 1179648K
  class space    used 16372K, committed 17472K, reserved 1048576K
}
Event: 11.976 GC heap after
{Heap after GC invocations=39 (full 0):
 garbage-first heap   total 201728K, used 131521K [0x0000000080000000, 0x0000000100000000)
  region size 1024K, 6 young (6144K), 6 survivors (6144K)
 Metaspace       used 128584K, committed 130880K, reserved 1179648K
  class space    used 16372K, committed 17472K, reserved 1048576K
}
Event: 12.579 GC heap before
{Heap before GC invocations=39 (full 0):
 garbage-first heap   total 201728K, used 183745K [0x0000000080000000, 0x0000000100000000)
  region size 1024K, 57 young (58368K), 6 survivors (6144K)
 Metaspace       used 135088K, committed 137408K, reserved 1179648K
  class space    used 17351K, committed 18496K, reserved 1048576K
}
Event: 12.586 GC heap after
{Heap after GC invocations=40 (full 0):
 garbage-first heap   total 201728K, used 134487K [0x0000000080000000, 0x0000000100000000)
  region size 1024K, 4 young (4096K), 4 survivors (4096K)
 Metaspace       used 135088K, committed 137408K, reserved 1179648K
  class space    used 17351K, committed 18496K, reserved 1048576K
}

